#
# There is insufficient memory for the Java Runtime Environment to continue.
# Native memory allocation (malloc) failed to allocate 1049936 bytes for Chunk::new
# Possible reasons:
#   The system is out of physical RAM or swap space
#   In 32 bit mode, the process size limit was hit
# Possible solutions:
#   Reduce memory load on the system
#   Increase physical memory or swap space
#   Check if swap backing store is full
#   Use 64 bit Java on a 64 bit OS
#   Decrease Java heap size (-Xmx/-Xms)
#   Decrease number of Java threads
#   Decrease Java thread stack sizes (-Xss)
#   Set larger code cache with -XX:ReservedCodeCacheSize=
# This output file may be truncated or incomplete.
#
#  Out of Memory Error (allocation.cpp:390), pid=32736, tid=0x00000000000053dc
#
# JRE version: OpenJDK Runtime Environment (8.0_152-b01) (build 1.8.0_152-release-1343-b01)
# Java VM: OpenJDK 64-Bit Server VM (25.152-b01 mixed mode windows-amd64 compressed oops)
# Failed to write core dump. Minidumps are not enabled by default on client versions of Windows
#

---------------  T H R E A D  ---------------

Current thread (0x0000000016f56800):  JavaThread "C2 CompilerThread2" daemon [_thread_in_native, id=21468, stack(0x0000000017850000,0x0000000017950000)]

Stack: [0x0000000017850000,0x0000000017950000]
[error occurred during error reporting (printing stack bounds), id 0xc0000005]

Native frames: (J=compiled Java code, j=interpreted, Vv=VM code, C=native code)


Current CompileTask:
C2:   6586 1367       4       java.net.URLClassLoader$1::run (5 bytes)


---------------  P R O C E S S  ---------------

Java Threads: ( => current thread )
  0x0000000018e6d000 JavaThread "Cache worker for journal cache (C:\Users\wnstj\.gradle\caches\journal-1)" [_thread_blocked, id=25384, stack(0x000000001a500000,0x000000001a600000)]
  0x00000000183fb800 JavaThread "File lock request listener" [_thread_in_native, id=28088, stack(0x000000001a400000,0x000000001a500000)]
  0x0000000018e3d800 JavaThread "Cache worker for file hash cache (C:\Users\wnstj\.gradle\caches\5.1.1\fileHashes)" [_thread_blocked, id=20648, stack(0x000000001a300000,0x000000001a400000)]
  0x00000000183b4800 JavaThread "Thread-8" [_thread_blocked, id=29624, stack(0x000000001a200000,0x000000001a300000)]
  0x00000000183b1800 JavaThread "Stdin handler" [_thread_blocked, id=30756, stack(0x000000001a100000,0x000000001a200000)]
  0x0000000017f89800 JavaThread "Asynchronous log dispatcher for DefaultDaemonConnection: socket connection from /127.0.0.1:56717 to /127.0.0.1:56718" [_thread_blocked, id=24728, stack(0x0000000019f00000,0x000000001a000000)]
  0x000000001712b800 JavaThread "Daemon worker" [_thread_in_vm, id=12828, stack(0x0000000019e00000,0x0000000019f00000)]
  0x0000000017127800 JavaThread "Cancel handler" [_thread_blocked, id=14156, stack(0x0000000019d00000,0x0000000019e00000)]
  0x00000000171ba800 JavaThread "Handler for socket connection from /127.0.0.1:56717 to /127.0.0.1:56718" [_thread_in_native, id=7692, stack(0x0000000019a00000,0x0000000019b00000)]
  0x00000000171b7800 JavaThread "Daemon" [_thread_blocked, id=24908, stack(0x0000000019900000,0x0000000019a00000)]
  0x0000000017fe2800 JavaThread "Daemon periodic checks" [_thread_blocked, id=17576, stack(0x0000000019800000,0x0000000019900000)]
  0x0000000018a1b000 JavaThread "Incoming local TCP Connector on port 56717" [_thread_in_native, id=30484, stack(0x0000000019620000,0x0000000019720000)]
  0x0000000016fef800 JavaThread "Service Thread" daemon [_thread_blocked, id=25120, stack(0x0000000017a50000,0x0000000017b50000)]
  0x0000000016f68000 JavaThread "C1 CompilerThread3" daemon [_thread_blocked, id=25176, stack(0x0000000017950000,0x0000000017a50000)]
=>0x0000000016f56800 JavaThread "C2 CompilerThread2" daemon [_thread_in_native, id=21468, stack(0x0000000017850000,0x0000000017950000)]
  0x0000000016f55000 JavaThread "C2 CompilerThread1" daemon [_thread_blocked, id=19652, stack(0x0000000017750000,0x0000000017850000)]
  0x0000000016f51000 JavaThread "C2 CompilerThread0" daemon [_thread_blocked, id=22144, stack(0x0000000017650000,0x0000000017750000)]
  0x0000000016ef7800 JavaThread "Attach Listener" daemon [_thread_blocked, id=10536, stack(0x0000000017550000,0x0000000017650000)]
  0x0000000016f50000 JavaThread "Signal Dispatcher" daemon [_thread_blocked, id=9004, stack(0x0000000017450000,0x0000000017550000)]
  0x0000000003809000 JavaThread "Finalizer" daemon [_thread_blocked, id=15596, stack(0x00000000172c0000,0x00000000173c0000)]
  0x0000000003806000 JavaThread "Reference Handler" daemon [_thread_blocked, id=30084, stack(0x0000000016dc0000,0x0000000016ec0000)]
  0x0000000003712800 JavaThread "main" [_thread_blocked, id=12800, stack(0x0000000003530000,0x0000000003630000)]

Other Threads:
  0x0000000014fc6000 VMThread [stack: 0x0000000016cc0000,0x0000000016dc0000] [id=23776]
  0x0000000016f9e800 WatcherThread [stack: 0x0000000017b50000,0x0000000017c50000] [id=12092]

VM state:not at safepoint (normal execution)

VM Mutex/Monitor currently owned by a thread: None

Heap:
 PSYoungGen      total 38400K, used 26203K [0x00000000f5580000, 0x00000000f8000000, 0x0000000100000000)
  eden space 33280K, 63% used [0x00000000f5580000,0x00000000f6a18658,0x00000000f7600000)
  from space 5120K, 99% used [0x00000000f7600000,0x00000000f7afe640,0x00000000f7b00000)
  to   space 5120K, 0% used [0x00000000f7b00000,0x00000000f7b00000,0x00000000f8000000)
 ParOldGen       total 87552K, used 2153K [0x00000000e0000000, 0x00000000e5580000, 0x00000000f5580000)
  object space 87552K, 2% used [0x00000000e0000000,0x00000000e021a5c8,0x00000000e5580000)
 Metaspace       used 14735K, capacity 15092K, committed 15360K, reserved 1062912K
  class space    used 2087K, capacity 2186K, committed 2304K, reserved 1048576K

Card table byte_map: [0x0000000012bd0000,0x0000000012ce0000] byte_map_base: 0x00000000124d0000

Marking Bits: (ParMarkBitMap*) 0x0000000062245aa0
 Begin Bits: [0x00000000134e0000, 0x0000000013ce0000)
 End Bits:   [0x0000000013ce0000, 0x00000000144e0000)

Polling page: 0x0000000001470000

CodeCache: size=245760Kb used=5016Kb max_used=5016Kb free=240743Kb
 bounds [0x0000000003810000, 0x0000000003d00000, 0x0000000012810000]
 total_blobs=1782 nmethods=1402 adapters=294
 compilation: enabled

Compilation events (10 events):
Event: 6.577 Thread 0x0000000016f68000 1399       3       com.google.common.collect.ImmutableList$Itr::get (9 bytes)
Event: 6.578 Thread 0x0000000016f68000 nmethod 1399 0x0000000003cf5690 code [0x0000000003cf5800, 0x0000000003cf5a28]
Event: 6.578 Thread 0x0000000016f68000 1401       3       java.util.AbstractCollection::isEmpty (13 bytes)
Event: 6.578 Thread 0x0000000016f68000 nmethod 1401 0x0000000003cf5b10 code [0x0000000003cf5c80, 0x0000000003cf5ee8]
Event: 6.578 Thread 0x0000000016f68000 1402       3       org.gradle.internal.file.FilePathUtil::sizeOfCommonPrefix (142 bytes)
Event: 6.580 Thread 0x0000000016f68000 nmethod 1402 0x0000000003cf5f90 code [0x0000000003cf6200, 0x0000000003cf7628]
Event: 6.580 Thread 0x0000000016f68000 1403       3       org.gradle.internal.file.DefaultFileHierarchySet$Node::sizeOfCommonPrefix (10 bytes)
Event: 6.581 Thread 0x0000000016f68000 nmethod 1403 0x0000000003cef1d0 code [0x0000000003cef340, 0x0000000003cef528]
Event: 6.581 Thread 0x0000000016f68000 1404       3       org.gradle.internal.file.FilePathUtil::sizeOfCommonPrefix (10 bytes)
Event: 6.581 Thread 0x0000000016f68000 nmethod 1404 0x0000000003cf7f90 code [0x0000000003cf8100, 0x0000000003cf8268]

GC Heap History (6 events):
Event: 1.761 GC heap before
{Heap before GC invocations=1 (full 0):
 PSYoungGen      total 38400K, used 33280K [0x00000000f5580000, 0x00000000f8000000, 0x0000000100000000)
  eden space 33280K, 100% used [0x00000000f5580000,0x00000000f7600000,0x00000000f7600000)
  from space 5120K, 0% used [0x00000000f7b00000,0x00000000f7b00000,0x00000000f8000000)
  to   space 5120K, 0% used [0x00000000f7600000,0x00000000f7600000,0x00000000f7b00000)
 ParOldGen       total 87552K, used 0K [0x00000000e0000000, 0x00000000e5580000, 0x00000000f5580000)
  object space 87552K, 0% used [0x00000000e0000000,0x00000000e0000000,0x00000000e5580000)
 Metaspace       used 6989K, capacity 7194K, committed 7424K, reserved 1056768K
  class space    used 848K, capacity 911K, committed 1024K, reserved 1048576K
Event: 1.771 GC heap after
Heap after GC invocations=1 (full 0):
 PSYoungGen      total 38400K, used 4547K [0x00000000f5580000, 0x00000000f8000000, 0x0000000100000000)
  eden space 33280K, 0% used [0x00000000f5580000,0x00000000f5580000,0x00000000f7600000)
  from space 5120K, 88% used [0x00000000f7600000,0x00000000f7a70c00,0x00000000f7b00000)
  to   space 5120K, 0% used [0x00000000f7b00000,0x00000000f7b00000,0x00000000f8000000)
 ParOldGen       total 87552K, used 8K [0x00000000e0000000, 0x00000000e5580000, 0x00000000f5580000)
  object space 87552K, 0% used [0x00000000e0000000,0x00000000e0002000,0x00000000e5580000)
 Metaspace       used 6989K, capacity 7194K, committed 7424K, reserved 1056768K
  class space    used 848K, capacity 911K, committed 1024K, reserved 1048576K
}
Event: 2.696 GC heap before
{Heap before GC invocations=2 (full 0):
 PSYoungGen      total 38400K, used 37827K [0x00000000f5580000, 0x00000000f8000000, 0x0000000100000000)
  eden space 33280K, 100% used [0x00000000f5580000,0x00000000f7600000,0x00000000f7600000)
  from space 5120K, 88% used [0x00000000f7600000,0x00000000f7a70c00,0x00000000f7b00000)
  to   space 5120K, 0% used [0x00000000f7b00000,0x00000000f7b00000,0x00000000f8000000)
 ParOldGen       total 87552K, used 8K [0x00000000e0000000, 0x00000000e5580000, 0x00000000f5580000)
  object space 87552K, 0% used [0x00000000e0000000,0x00000000e0002000,0x00000000e5580000)
 Metaspace       used 8872K, capacity 9158K, committed 9472K, reserved 1056768K
  class space    used 1145K, capacity 1217K, committed 1280K, reserved 1048576K
Event: 2.703 GC heap after
Heap after GC invocations=2 (full 0):
 PSYoungGen      total 38400K, used 4762K [0x00000000f5580000, 0x00000000f8000000, 0x0000000100000000)
  eden space 33280K, 0% used [0x00000000f5580000,0x00000000f5580000,0x00000000f7600000)
  from space 5120K, 93% used [0x00000000f7b00000,0x00000000f7fa6888,0x00000000f8000000)
  to   space 5120K, 0% used [0x00000000f7600000,0x00000000f7600000,0x00000000f7b00000)
 ParOldGen       total 87552K, used 16K [0x00000000e0000000, 0x00000000e5580000, 0x00000000f5580000)
  object space 87552K, 0% used [0x00000000e0000000,0x00000000e0004000,0x00000000e5580000)
 Metaspace       used 8872K, capacity 9158K, committed 9472K, reserved 1056768K
  class space    used 1145K, capacity 1217K, committed 1280K, reserved 1048576K
}
Event: 6.156 GC heap before
{Heap before GC invocations=3 (full 0):
 PSYoungGen      total 38400K, used 38042K [0x00000000f5580000, 0x00000000f8000000, 0x0000000100000000)
  eden space 33280K, 100% used [0x00000000f5580000,0x00000000f7600000,0x00000000f7600000)
  from space 5120K, 93% used [0x00000000f7b00000,0x00000000f7fa6888,0x00000000f8000000)
  to   space 5120K, 0% used [0x00000000f7600000,0x00000000f7600000,0x00000000f7b00000)
 ParOldGen       total 87552K, used 16K [0x00000000e0000000, 0x00000000e5580000, 0x00000000f5580000)
  object space 87552K, 0% used [0x00000000e0000000,0x00000000e0004000,0x00000000e5580000)
 Metaspace       used 13375K, capacity 13712K, committed 13824K, reserved 1060864K
  class space    used 1831K, capacity 1960K, committed 2048K, reserved 1048576K
Event: 6.167 GC heap after
Heap after GC invocations=3 (full 0):
 PSYoungGen      total 38400K, used 5113K [0x00000000f5580000, 0x00000000f8000000, 0x0000000100000000)
  eden space 33280K, 0% used [0x00000000f5580000,0x00000000f5580000,0x00000000f7600000)
  from space 5120K, 99% used [0x00000000f7600000,0x00000000f7afe640,0x00000000f7b00000)
  to   space 5120K, 0% used [0x00000000f7b00000,0x00000000f7b00000,0x00000000f8000000)
 ParOldGen       total 87552K, used 2153K [0x00000000e0000000, 0x00000000e5580000, 0x00000000f5580000)
  object space 87552K, 2% used [0x00000000e0000000,0x00000000e021a5c8,0x00000000e5580000)
 Metaspace       used 13375K, capacity 13712K, committed 13824K, reserved 1060864K
  class space    used 1831K, capacity 1960K, committed 2048K, reserved 1048576K
}

Deoptimization events (10 events):
Event: 5.782 Thread 0x00000000171ba800 Uncommon trap: reason=unstable_if action=reinterpret pc=0x0000000003bc6678 method=java.util.concurrent.ConcurrentHashMap.putVal(Ljava/lang/Object;Ljava/lang/Object;Z)Ljava/lang/Object; @ 206
Event: 5.860 Thread 0x000000001712b800 Uncommon trap: reason=unstable_if action=reinterpret pc=0x0000000003c1d3ac method=sun.nio.cs.ext.DoubleByte$Encoder.encodeArrayLoop(Ljava/nio/CharBuffer;Ljava/nio/ByteBuffer;)Ljava/nio/charset/CoderResult; @ 218
Event: 5.872 Thread 0x000000001712b800 Uncommon trap: reason=bimorphic action=maybe_recompile pc=0x0000000003a98b64 method=java.util.HashMap.putVal(ILjava/lang/Object;Ljava/lang/Object;ZZ)Ljava/lang/Object; @ 253
Event: 5.872 Thread 0x000000001712b800 Uncommon trap: reason=bimorphic action=maybe_recompile pc=0x0000000003a98b64 method=java.util.HashMap.putVal(ILjava/lang/Object;Ljava/lang/Object;ZZ)Ljava/lang/Object; @ 253
Event: 5.872 Thread 0x000000001712b800 Uncommon trap: reason=class_check action=maybe_recompile pc=0x0000000003a99078 method=java.util.HashMap.putVal(ILjava/lang/Object;Ljava/lang/Object;ZZ)Ljava/lang/Object; @ 203
Event: 5.873 Thread 0x000000001712b800 Uncommon trap: reason=class_check action=maybe_recompile pc=0x0000000003a99078 method=java.util.HashMap.putVal(ILjava/lang/Object;Ljava/lang/Object;ZZ)Ljava/lang/Object; @ 203
Event: 6.118 Thread 0x000000001712b800 Uncommon trap: reason=class_check action=maybe_recompile pc=0x0000000003adab98 method=java.util.regex.Matcher.match(II)Z @ 86
Event: 6.137 Thread 0x000000001712b800 Uncommon trap: reason=class_check action=maybe_recompile pc=0x0000000003adab98 method=java.util.regex.Matcher.match(II)Z @ 86
Event: 6.137 Thread 0x000000001712b800 Uncommon trap: reason=class_check action=maybe_recompile pc=0x0000000003adab98 method=java.util.regex.Matcher.match(II)Z @ 86
Event: 6.138 Thread 0x000000001712b800 Uncommon trap: reason=class_check action=maybe_recompile pc=0x0000000003a90d5c method=java.util.regex.Matcher.match(II)Z @ 86

Classes redefined (0 events):
No events

Internal exceptions (10 events):
Event: 2.687 Thread 0x0000000003712800 Exception <a 'java/lang/NoSuchFieldError': method resolution failed> (0x00000000f75d6c38) thrown at [D:\src\AOSP-openjdk-cygwin\jdk8u\hotspot\src\share\vm\prims\methodHandles.cpp, line 1167]
Event: 2.690 Thread 0x0000000003712800 Exception <a 'java/lang/NoSuchFieldError': method resolution failed> (0x00000000f75e49d8) thrown at [D:\src\AOSP-openjdk-cygwin\jdk8u\hotspot\src\share\vm\prims\methodHandles.cpp, line 1167]
Event: 5.639 Thread 0x0000000003712800 Exception <a 'java/io/IOException'> (0x00000000f5d1a650) thrown at [D:\src\AOSP-openjdk-cygwin\jdk8u\hotspot\src\share\vm\prims\jni.cpp, line 709]
Event: 5.783 Thread 0x00000000171ba800 Exception <a 'java/lang/NoSuchMethodError': <clinit>> (0x00000000f5f22280) thrown at [D:\src\AOSP-openjdk-cygwin\jdk8u\hotspot\src\share\vm\prims\jni.cpp, line 1613]
Event: 5.785 Thread 0x00000000171ba800 Exception <a 'java/lang/NoSuchMethodError': <clinit>> (0x00000000f5f2be80) thrown at [D:\src\AOSP-openjdk-cygwin\jdk8u\hotspot\src\share\vm\prims\jni.cpp, line 1613]
Event: 5.788 Thread 0x00000000171ba800 Exception <a 'java/lang/NoSuchMethodError': <clinit>> (0x00000000f5f3fe90) thrown at [D:\src\AOSP-openjdk-cygwin\jdk8u\hotspot\src\share\vm\prims\jni.cpp, line 1613]
Event: 5.802 Thread 0x00000000171ba800 Exception <a 'java/lang/NoSuchMethodError': <clinit>> (0x00000000f5f9ad20) thrown at [D:\src\AOSP-openjdk-cygwin\jdk8u\hotspot\src\share\vm\prims\jni.cpp, line 1613]
Event: 5.811 Thread 0x00000000171ba800 Exception <a 'java/lang/NoSuchMethodError': <clinit>> (0x00000000f5fd1e88) thrown at [D:\src\AOSP-openjdk-cygwin\jdk8u\hotspot\src\share\vm\prims\jni.cpp, line 1613]
Event: 5.822 Thread 0x00000000171ba800 Exception <a 'java/lang/NoSuchMethodError': <clinit>> (0x00000000f6007570) thrown at [D:\src\AOSP-openjdk-cygwin\jdk8u\hotspot\src\share\vm\prims\jni.cpp, line 1613]
Event: 5.824 Thread 0x00000000171ba800 Exception <a 'java/lang/NoSuchMethodError': <clinit>> (0x00000000f6012a08) thrown at [D:\src\AOSP-openjdk-cygwin\jdk8u\hotspot\src\share\vm\prims\jni.cpp, line 1613]

Events (10 events):
Event: 6.580 loading class org/gradle/internal/snapshot/impl/DefaultFileSystemMirror
Event: 6.580 loading class org/gradle/internal/snapshot/impl/DefaultFileSystemMirror done
Event: 6.581 loading class org/gradle/internal/service/scopes/GradleUserHomeScopeServices$1
Event: 6.581 loading class org/gradle/internal/service/scopes/GradleUserHomeScopeServices$1 done
Event: 6.581 loading class org/gradle/internal/execution/OutputChangeListener
Event: 6.581 loading class org/gradle/internal/execution/OutputChangeListener done
Event: 6.582 loading class org/gradle/internal/service/scopes/GradleUserHomeScopeServices$2
Event: 6.582 loading class org/gradle/internal/service/scopes/GradleUserHomeScopeServices$2 done
Event: 6.582 loading class org/gradle/internal/snapshot/impl/DefaultFileSystemSnapshotter
Event: 6.582 loading class org/gradle/internal/snapshot/impl/DefaultFileSystemSnapshotter done


Dynamic libraries:
0x00007ff664400000 - 0x00007ff664431000 	C:\Program Files\Android\Android Studio\jre\bin\java.exe
0x00007ffcb8a70000 - 0x00007ffcb8c51000 	C:\WINDOWS\SYSTEM32\ntdll.dll
0x00007ffcb6d50000 - 0x00007ffcb6e01000 	C:\WINDOWS\System32\KERNEL32.DLL
0x00007ffcb58f0000 - 0x00007ffcb5b63000 	C:\WINDOWS\System32\KERNELBASE.dll
0x00007ffcb6e10000 - 0x00007ffcb6eb1000 	C:\WINDOWS\System32\ADVAPI32.dll
0x00007ffcb6c70000 - 0x00007ffcb6d0e000 	C:\WINDOWS\System32\msvcrt.dll
0x00007ffcb6ae0000 - 0x00007ffcb6b3b000 	C:\WINDOWS\System32\sechost.dll
0x00007ffcb6450000 - 0x00007ffcb6574000 	C:\WINDOWS\System32\RPCRT4.dll
0x00007ffcb66e0000 - 0x00007ffcb6870000 	C:\WINDOWS\System32\USER32.dll
0x00007ffcb5850000 - 0x00007ffcb5870000 	C:\WINDOWS\System32\win32u.dll
0x00007ffcb6d10000 - 0x00007ffcb6d38000 	C:\WINDOWS\System32\GDI32.dll
0x00007ffcb4ea0000 - 0x00007ffcb5032000 	C:\WINDOWS\System32\gdi32full.dll
0x00007ffcb5b70000 - 0x00007ffcb5c0f000 	C:\WINDOWS\System32\msvcp_win.dll
0x00007ffcb5750000 - 0x00007ffcb5848000 	C:\WINDOWS\System32\ucrtbase.dll
0x00007ffca73b0000 - 0x00007ffca7619000 	C:\WINDOWS\WinSxS\amd64_microsoft.windows.common-controls_6595b64144ccf1df_6.0.17134.765_none_fb42a1a930655896\COMCTL32.dll
0x00007ffcb6120000 - 0x00007ffcb6442000 	C:\WINDOWS\System32\combase.dll
0x00007ffcb5870000 - 0x00007ffcb58ea000 	C:\WINDOWS\System32\bcryptPrimitives.dll
0x00007ffcb6580000 - 0x00007ffcb65ad000 	C:\WINDOWS\System32\IMM32.DLL
0x0000000062c10000 - 0x0000000062ce2000 	C:\Program Files\Android\Android Studio\jre\jre\bin\msvcr100.dll
0x0000000061a80000 - 0x00000000622c1000 	C:\Program Files\Android\Android Studio\jre\jre\bin\server\jvm.dll
0x00007ffcb8a30000 - 0x00007ffcb8a38000 	C:\WINDOWS\System32\PSAPI.DLL
0x00007ffc9f940000 - 0x00007ffc9f949000 	C:\WINDOWS\SYSTEM32\WSOCK32.dll
0x00007ffcb0f50000 - 0x00007ffcb0f73000 	C:\WINDOWS\SYSTEM32\WINMM.dll
0x00007ffcb39a0000 - 0x00007ffcb39aa000 	C:\WINDOWS\SYSTEM32\VERSION.dll
0x00007ffcb6b40000 - 0x00007ffcb6bac000 	C:\WINDOWS\System32\WS2_32.dll
0x00007ffcb0f20000 - 0x00007ffcb0f4a000 	C:\WINDOWS\SYSTEM32\winmmbase.dll
0x00007ffcb5eb0000 - 0x00007ffcb5ef9000 	C:\WINDOWS\System32\cfgmgr32.dll
0x00007ffcb0ee0000 - 0x00007ffcb0eef000 	C:\Program Files\Android\Android Studio\jre\jre\bin\verify.dll
0x00007ffcb04c0000 - 0x00007ffcb04e9000 	C:\Program Files\Android\Android Studio\jre\jre\bin\java.dll
0x00007ffcb0d40000 - 0x00007ffcb0d56000 	C:\Program Files\Android\Android Studio\jre\jre\bin\zip.dll
0x00007ffcb7310000 - 0x00007ffcb8750000 	C:\WINDOWS\System32\SHELL32.dll
0x00007ffcb87d0000 - 0x00007ffcb8879000 	C:\WINDOWS\System32\shcore.dll
0x00007ffcb5040000 - 0x00007ffcb574d000 	C:\WINDOWS\System32\windows.storage.dll
0x00007ffcb6c10000 - 0x00007ffcb6c61000 	C:\WINDOWS\System32\shlwapi.dll
0x00007ffcb4e20000 - 0x00007ffcb4e31000 	C:\WINDOWS\System32\kernel.appcore.dll
0x00007ffcb4d80000 - 0x00007ffcb4d9f000 	C:\WINDOWS\System32\profapi.dll
0x00007ffcb4dd0000 - 0x00007ffcb4e1c000 	C:\WINDOWS\System32\powrprof.dll
0x00007ffcb4da0000 - 0x00007ffcb4daa000 	C:\WINDOWS\System32\FLTLIB.DLL
0x00007ffcb0ce0000 - 0x00007ffcb0cfa000 	C:\Program Files\Android\Android Studio\jre\jre\bin\net.dll
0x00007ffcb4600000 - 0x00007ffcb4666000 	C:\WINDOWS\system32\mswsock.dll
0x00007ffcb04a0000 - 0x00007ffcb04b1000 	C:\Program Files\Android\Android Studio\jre\jre\bin\nio.dll
0x00007ffcaf620000 - 0x00007ffcaf63e000 	C:\Users\wnstj\.gradle\native\25\windows-amd64\native-platform.dll
0x00007ffcb0d80000 - 0x00007ffcb0d8d000 	C:\Program Files\Android\Android Studio\jre\jre\bin\management.dll
0x00007ffcb47b0000 - 0x00007ffcb47c7000 	C:\WINDOWS\SYSTEM32\CRYPTSP.dll
0x00007ffcb41e0000 - 0x00007ffcb4213000 	C:\WINDOWS\system32\rsaenh.dll
0x00007ffcb48e0000 - 0x00007ffcb4905000 	C:\WINDOWS\SYSTEM32\bcrypt.dll
0x00007ffcb4c80000 - 0x00007ffcb4ca8000 	C:\WINDOWS\SYSTEM32\USERENV.dll
0x00007ffcb47d0000 - 0x00007ffcb47db000 	C:\WINDOWS\SYSTEM32\CRYPTBASE.dll
0x00007ffcb4380000 - 0x00007ffcb43b8000 	C:\WINDOWS\SYSTEM32\IPHLPAPI.DLL
0x00007ffcb6d40000 - 0x00007ffcb6d48000 	C:\WINDOWS\System32\NSI.dll
0x00007ffca7380000 - 0x00007ffca7396000 	C:\WINDOWS\SYSTEM32\dhcpcsvc6.DLL
0x00007ffca7360000 - 0x00007ffca737a000 	C:\WINDOWS\SYSTEM32\dhcpcsvc.DLL

VM Arguments:
jvm_args: -XX:MaxMetaspaceSize=256m -XX:+HeapDumpOnOutOfMemoryError -Xmx512m -Dfile.encoding=x-windows-949 -Duser.country=KR -Duser.language=ko -Duser.variant 
java_command: org.gradle.launcher.daemon.bootstrap.GradleDaemon 5.1.1
java_class_path (initial): C:\Users\wnstj\.gradle\wrapper\dists\gradle-5.1.1-all\97z1ksx6lirer3kbvdnh7jtjg\gradle-5.1.1\lib\gradle-launcher-5.1.1.jar
Launcher Type: SUN_STANDARD

Environment Variables:
CLASSPATH=C:\Program Files\Java\jdk1.8.0_121\jre\lib;
PATH=C:\oraclexe\app\oracle\product\11.2.0\server\bin;C:\Program Files (x86)\NAT Service;C:\Program Files (x86)\Common Files\Oracle\Java\javapath;C:\ProgramData\Oracle\Java\javapath;C:\Windows\system32;C:\Windows;C:\Windows\System32\Wbem;C:\Windows\System32\WindowsPowerShell\v1.0\;C:\Program Files (x86)\NVIDIA Corporation\PhysX\Common;C:\WINDOWS\system32;C:\WINDOWS;C:\WINDOWS\System32\Wbem;C:\WINDOWS\System32\WindowsPowerShell\v1.0\;C:\Program Files\Microsoft\Web Platform Installer\;C:\Program Files\Java\jdk1.8.0_121\bin;C:\WINDOWS\system32\config\systemprofile\.dnx\bin;C:\Program Files\Microsoft DNX\Dnvm\;C:\Program Files\Microsoft SQL Server\130\Tools\Binn\;C:\Program Files\Intel\WiFi\bin\;C:\Program Files\Common Files\Intel\WirelessCommon\;C:\WINDOWS\System32\OpenSSH\;C:\Program Files\MySQL\MySQL Utilities 1.6\;C:\Program Files\Git\cmd;C:\Users\wnstj\AppData\Local\Programs\Python\Python36\Scripts\;C:\Users\wnstj\AppData\Local\Programs\Python\Python36\;C:\Users\wnstj\AppData\Local\Programs\Python\Python36-32\Scripts\;C:\Users\wnstj\AppData\Local\Programs\Python\Python36-32\;C:\Program Files\Intel\WiFi\bin\;C:\Program Files\Common Files\Intel\WirelessCommon\;C:\Users\wnstj\AppData\Local\Microsoft\WindowsApps;C:\Users\wnstj\AppData\Local\GitHubDesktop\bin
USERNAME=wnstj
OS=Windows_NT
PROCESSOR_IDENTIFIER=Intel64 Family 6 Model 94 Stepping 3, GenuineIntel



---------------  S Y S T E M  ---------------

OS: Windows 10.0 , 64 bit Build 17134 (10.0.17134.753)

CPU:total 8 (initial active 8) (4 cores per cpu, 2 threads per core) family 6 model 94 stepping 3, cmov, cx8, fxsr, mmx, sse, sse2, sse3, ssse3, sse4.1, sse4.2, popcnt, avx, avx2, aes, clmul, erms, rtm, 3dnowpref, lzcnt, ht, tsc, tscinvbit, bmi1, bmi2, adx

Memory: 4k page, physical 8266160k(1615964k free), swap 33431984k(5176k free)

vm_info: OpenJDK 64-Bit Server VM (25.152-b01) for windows-amd64 JRE (1.8.0_152-release-1343-b01), built by "builder" with MS VC++ 10.0 (VS2010)

time: Wed May 29 09:04:55 2019
elapsed time: 6 seconds (0d 0h 0m 6s)

