#
# There is insufficient memory for the Java Runtime Environment to continue.
# Native memory allocation (malloc) failed to allocate 1481616 bytes for Chunk::new
# Possible reasons:
#   The system is out of physical RAM or swap space
#   In 32 bit mode, the process size limit was hit
# Possible solutions:
#   Reduce memory load on the system
#   Increase physical memory or swap space
#   Check if swap backing store is full
#   Use 64 bit Java on a 64 bit OS
#   Decrease Java heap size (-Xmx/-Xms)
#   Decrease number of Java threads
#   Decrease Java thread stack sizes (-Xss)
#   Set larger code cache with -XX:ReservedCodeCacheSize=
# This output file may be truncated or incomplete.
#
#  Out of Memory Error (allocation.cpp:390), pid=10252, tid=0x00000000000041e4
#
# JRE version: OpenJDK Runtime Environment (8.0_152-b01) (build 1.8.0_152-release-1343-b01)
# Java VM: OpenJDK 64-Bit Server VM (25.152-b01 mixed mode windows-amd64 compressed oops)
# Failed to write core dump. Minidumps are not enabled by default on client versions of Windows
#

---------------  T H R E A D  ---------------

Current thread (0x0000000016d26000):  JavaThread "C2 CompilerThread2" daemon [_thread_in_native, id=16868, stack(0x0000000017620000,0x0000000017720000)]

Stack: [0x0000000017620000,0x0000000017720000]
[error occurred during error reporting (printing stack bounds), id 0xc0000005]

Native frames: (J=compiled Java code, j=interpreted, Vv=VM code, C=native code)


Current CompileTask:
C2:   6049 1384       4       java.net.URLClassLoader$1::run (5 bytes)


---------------  P R O C E S S  ---------------

Java Threads: ( => current thread )
  0x0000000016d35800 JavaThread "Cache worker for file hash cache (C:\Users\wnstj\Downloads\capstone66-master (1)\capstone66-master\.gradle\5.1.1\fileHashes)" [_thread_blocked, id=14080, stack(0x000000001c570000,0x000000001c670000)]
  0x0000000016d38800 JavaThread "Cache worker for journal cache (C:\Users\wnstj\.gradle\caches\journal-1)" [_thread_blocked, id=28148, stack(0x000000001a2d0000,0x000000001a3d0000)]
  0x00000000181d3800 JavaThread "File lock request listener" [_thread_in_native, id=22576, stack(0x000000001a1d0000,0x000000001a2d0000)]
  0x0000000018e39000 JavaThread "Cache worker for file hash cache (C:\Users\wnstj\.gradle\caches\5.1.1\fileHashes)" [_thread_blocked, id=30092, stack(0x000000001a0d0000,0x000000001a1d0000)]
  0x0000000018d28000 JavaThread "Thread-8" [_thread_blocked, id=20416, stack(0x0000000019fd0000,0x000000001a0d0000)]
  0x0000000018d27800 JavaThread "Stdin handler" [_thread_blocked, id=31328, stack(0x0000000019ed0000,0x0000000019fd0000)]
  0x0000000018df0800 JavaThread "Asynchronous log dispatcher for DefaultDaemonConnection: socket connection from /127.0.0.1:56708 to /127.0.0.1:56709" [_thread_blocked, id=17988, stack(0x0000000019cd0000,0x0000000019dd0000)]
  0x0000000018ded800 JavaThread "Daemon worker" [_thread_in_native, id=18028, stack(0x0000000019bd0000,0x0000000019cd0000)]
  0x0000000018dec000 JavaThread "Cancel handler" [_thread_blocked, id=26928, stack(0x0000000019ad0000,0x0000000019bd0000)]
  0x0000000018db7000 JavaThread "Handler for socket connection from /127.0.0.1:56708 to /127.0.0.1:56709" [_thread_in_native, id=19900, stack(0x00000000197d0000,0x00000000198d0000)]
  0x0000000018dad800 JavaThread "Daemon" [_thread_blocked, id=7868, stack(0x00000000196d0000,0x00000000197d0000)]
  0x0000000018da1000 JavaThread "Daemon periodic checks" [_thread_blocked, id=32744, stack(0x00000000195d0000,0x00000000196d0000)]
  0x0000000018d24000 JavaThread "Incoming local TCP Connector on port 56708" [_thread_in_native, id=26492, stack(0x00000000193f0000,0x00000000194f0000)]
  0x0000000016dba000 JavaThread "Service Thread" daemon [_thread_blocked, id=7972, stack(0x0000000017820000,0x0000000017920000)]
  0x0000000016d36800 JavaThread "C1 CompilerThread3" daemon [_thread_blocked, id=17064, stack(0x0000000017720000,0x0000000017820000)]
=>0x0000000016d26000 JavaThread "C2 CompilerThread2" daemon [_thread_in_native, id=16868, stack(0x0000000017620000,0x0000000017720000)]
  0x0000000016d23000 JavaThread "C2 CompilerThread1" daemon [_thread_in_native, id=28700, stack(0x0000000017520000,0x0000000017620000)]
  0x0000000014dba000 JavaThread "C2 CompilerThread0" daemon [_thread_in_native, id=31956, stack(0x0000000017420000,0x0000000017520000)]
  0x0000000014db9000 JavaThread "Attach Listener" daemon [_thread_blocked, id=23444, stack(0x0000000017320000,0x0000000017420000)]
  0x0000000016cd3800 JavaThread "Signal Dispatcher" daemon [_thread_blocked, id=16052, stack(0x0000000017220000,0x0000000017320000)]
  0x000000000353e000 JavaThread "Finalizer" daemon [_thread_blocked, id=23908, stack(0x0000000017090000,0x0000000017190000)]
  0x0000000003535000 JavaThread "Reference Handler" daemon [_thread_blocked, id=32420, stack(0x0000000016b90000,0x0000000016c90000)]
  0x0000000003442800 JavaThread "main" [_thread_blocked, id=13380, stack(0x0000000003300000,0x0000000003400000)]

Other Threads:
  0x0000000014da6000 VMThread [stack: 0x0000000016a90000,0x0000000016b90000] [id=17384]
  0x0000000016dba800 WatcherThread [stack: 0x0000000017920000,0x0000000017a20000] [id=7604]

VM state:not at safepoint (normal execution)

VM Mutex/Monitor currently owned by a thread: None

Heap:
 PSYoungGen      total 38400K, used 34349K [0x00000000f5580000, 0x00000000f8000000, 0x0000000100000000)
  eden space 33280K, 87% used [0x00000000f5580000,0x00000000f7211218,0x00000000f7600000)
  from space 5120K, 99% used [0x00000000f7600000,0x00000000f7afa520,0x00000000f7b00000)
  to   space 5120K, 0% used [0x00000000f7b00000,0x00000000f7b00000,0x00000000f8000000)
 ParOldGen       total 87552K, used 2198K [0x00000000e0000000, 0x00000000e5580000, 0x00000000f5580000)
  object space 87552K, 2% used [0x00000000e0000000,0x00000000e0225940,0x00000000e5580000)
 Metaspace       used 15708K, capacity 16124K, committed 16256K, reserved 1062912K
  class space    used 2234K, capacity 2396K, committed 2432K, reserved 1048576K

Card table byte_map: [0x0000000012900000,0x0000000012a10000] byte_map_base: 0x0000000012200000

Marking Bits: (ParMarkBitMap*) 0x0000000062245aa0
 Begin Bits: [0x00000000132c0000, 0x0000000013ac0000)
 End Bits:   [0x0000000013ac0000, 0x00000000142c0000)

Polling page: 0x0000000000df0000

CodeCache: size=245760Kb used=5254Kb max_used=5254Kb free=240505Kb
 bounds [0x0000000003540000, 0x0000000003a70000, 0x0000000012540000]
 total_blobs=1878 nmethods=1491 adapters=301
 compilation: enabled

Compilation events (10 events):
Event: 6.026 Thread 0x0000000016d36800 1492       3       sun.misc.ProxyGenerator$ConstantPool$IndirectEntry::write (61 bytes)
Event: 6.027 Thread 0x0000000016d36800 nmethod 1492 0x0000000003a57c90 code [0x0000000003a57e80, 0x0000000003a58988]
Event: 6.028 Thread 0x0000000016d36800 1494       3       org.gradle.internal.service.DefaultServiceRegistry$OwnServices::getService (309 bytes)
Event: 6.032 Thread 0x0000000016d36800 nmethod 1494 0x0000000003a5ead0 code [0x0000000003a5efa0, 0x0000000003a61eb8]
Event: 6.040 Thread 0x0000000016d36800 1495       3       org.gradle.internal.service.DefaultServiceRegistry$CompositeServiceProvider::getService (49 bytes)
Event: 6.040 Thread 0x0000000016d36800 nmethod 1495 0x0000000003a57650 code [0x0000000003a577c0, 0x0000000003a57b08]
Event: 6.040 Thread 0x0000000016d36800 1496       3       java.util.concurrent.atomic.AtomicReference::compareAndSet (13 bytes)
Event: 6.040 Thread 0x0000000016d36800 nmethod 1496 0x0000000003a57310 code [0x0000000003a57460, 0x0000000003a575f0]
Event: 6.040 Thread 0x0000000016d36800 1497       3       org.gradle.internal.service.DefaultServiceRegistry::serviceRequested (42 bytes)
Event: 6.043 Thread 0x0000000016d36800 nmethod 1497 0x0000000003a63450 code [0x0000000003a636c0, 0x0000000003a648e8]

GC Heap History (6 events):
Event: 1.705 GC heap before
{Heap before GC invocations=1 (full 0):
 PSYoungGen      total 38400K, used 33280K [0x00000000f5580000, 0x00000000f8000000, 0x0000000100000000)
  eden space 33280K, 100% used [0x00000000f5580000,0x00000000f7600000,0x00000000f7600000)
  from space 5120K, 0% used [0x00000000f7b00000,0x00000000f7b00000,0x00000000f8000000)
  to   space 5120K, 0% used [0x00000000f7600000,0x00000000f7600000,0x00000000f7b00000)
 ParOldGen       total 87552K, used 0K [0x00000000e0000000, 0x00000000e5580000, 0x00000000f5580000)
  object space 87552K, 0% used [0x00000000e0000000,0x00000000e0000000,0x00000000e5580000)
 Metaspace       used 6990K, capacity 7194K, committed 7424K, reserved 1056768K
  class space    used 849K, capacity 911K, committed 1024K, reserved 1048576K
Event: 1.713 GC heap after
Heap after GC invocations=1 (full 0):
 PSYoungGen      total 38400K, used 4633K [0x00000000f5580000, 0x00000000f8000000, 0x0000000100000000)
  eden space 33280K, 0% used [0x00000000f5580000,0x00000000f5580000,0x00000000f7600000)
  from space 5120K, 90% used [0x00000000f7600000,0x00000000f7a86418,0x00000000f7b00000)
  to   space 5120K, 0% used [0x00000000f7b00000,0x00000000f7b00000,0x00000000f8000000)
 ParOldGen       total 87552K, used 8K [0x00000000e0000000, 0x00000000e5580000, 0x00000000f5580000)
  object space 87552K, 0% used [0x00000000e0000000,0x00000000e0002000,0x00000000e5580000)
 Metaspace       used 6990K, capacity 7194K, committed 7424K, reserved 1056768K
  class space    used 849K, capacity 911K, committed 1024K, reserved 1048576K
}
Event: 2.467 GC heap before
{Heap before GC invocations=2 (full 0):
 PSYoungGen      total 38400K, used 37913K [0x00000000f5580000, 0x00000000f8000000, 0x0000000100000000)
  eden space 33280K, 100% used [0x00000000f5580000,0x00000000f7600000,0x00000000f7600000)
  from space 5120K, 90% used [0x00000000f7600000,0x00000000f7a86418,0x00000000f7b00000)
  to   space 5120K, 0% used [0x00000000f7b00000,0x00000000f7b00000,0x00000000f8000000)
 ParOldGen       total 87552K, used 8K [0x00000000e0000000, 0x00000000e5580000, 0x00000000f5580000)
  object space 87552K, 0% used [0x00000000e0000000,0x00000000e0002000,0x00000000e5580000)
 Metaspace       used 8874K, capacity 9160K, committed 9472K, reserved 1056768K
  class space    used 1146K, capacity 1218K, committed 1280K, reserved 1048576K
Event: 2.474 GC heap after
Heap after GC invocations=2 (full 0):
 PSYoungGen      total 38400K, used 4765K [0x00000000f5580000, 0x00000000f8000000, 0x0000000100000000)
  eden space 33280K, 0% used [0x00000000f5580000,0x00000000f5580000,0x00000000f7600000)
  from space 5120K, 93% used [0x00000000f7b00000,0x00000000f7fa76b8,0x00000000f8000000)
  to   space 5120K, 0% used [0x00000000f7600000,0x00000000f7600000,0x00000000f7b00000)
 ParOldGen       total 87552K, used 16K [0x00000000e0000000, 0x00000000e5580000, 0x00000000f5580000)
  object space 87552K, 0% used [0x00000000e0000000,0x00000000e0004000,0x00000000e5580000)
 Metaspace       used 8874K, capacity 9160K, committed 9472K, reserved 1056768K
  class space    used 1146K, capacity 1218K, committed 1280K, reserved 1048576K
}
Event: 5.565 GC heap before
{Heap before GC invocations=3 (full 0):
 PSYoungGen      total 38400K, used 38045K [0x00000000f5580000, 0x00000000f8000000, 0x0000000100000000)
  eden space 33280K, 100% used [0x00000000f5580000,0x00000000f7600000,0x00000000f7600000)
  from space 5120K, 93% used [0x00000000f7b00000,0x00000000f7fa76b8,0x00000000f8000000)
  to   space 5120K, 0% used [0x00000000f7600000,0x00000000f7600000,0x00000000f7b00000)
 ParOldGen       total 87552K, used 16K [0x00000000e0000000, 0x00000000e5580000, 0x00000000f5580000)
  object space 87552K, 0% used [0x00000000e0000000,0x00000000e0004000,0x00000000e5580000)
 Metaspace       used 13374K, capacity 13772K, committed 14080K, reserved 1060864K
  class space    used 1835K, capacity 1970K, committed 2048K, reserved 1048576K
Event: 5.576 GC heap after
Heap after GC invocations=3 (full 0):
 PSYoungGen      total 38400K, used 5097K [0x00000000f5580000, 0x00000000f8000000, 0x0000000100000000)
  eden space 33280K, 0% used [0x00000000f5580000,0x00000000f5580000,0x00000000f7600000)
  from space 5120K, 99% used [0x00000000f7600000,0x00000000f7afa520,0x00000000f7b00000)
  to   space 5120K, 0% used [0x00000000f7b00000,0x00000000f7b00000,0x00000000f8000000)
 ParOldGen       total 87552K, used 2198K [0x00000000e0000000, 0x00000000e5580000, 0x00000000f5580000)
  object space 87552K, 2% used [0x00000000e0000000,0x00000000e0225940,0x00000000e5580000)
 Metaspace       used 13374K, capacity 13772K, committed 14080K, reserved 1060864K
  class space    used 1835K, capacity 1970K, committed 2048K, reserved 1048576K
}

Deoptimization events (10 events):
Event: 5.184 Thread 0x0000000018ded800 Uncommon trap: reason=bimorphic action=maybe_recompile pc=0x00000000037c64f0 method=java.util.HashMap.putVal(ILjava/lang/Object;Ljava/lang/Object;ZZ)Ljava/lang/Object; @ 253
Event: 5.184 Thread 0x0000000018ded800 Uncommon trap: reason=bimorphic action=maybe_recompile pc=0x00000000037c64f0 method=java.util.HashMap.putVal(ILjava/lang/Object;Ljava/lang/Object;ZZ)Ljava/lang/Object; @ 253
Event: 5.518 Thread 0x0000000018ded800 Uncommon trap: reason=class_check action=maybe_recompile pc=0x0000000003802818 method=java.util.regex.Matcher.match(II)Z @ 86
Event: 5.547 Thread 0x0000000018ded800 Uncommon trap: reason=class_check action=maybe_recompile pc=0x0000000003802818 method=java.util.regex.Matcher.match(II)Z @ 86
Event: 5.548 Thread 0x0000000018ded800 Uncommon trap: reason=class_check action=maybe_recompile pc=0x0000000003802818 method=java.util.regex.Matcher.match(II)Z @ 86
Event: 5.548 Thread 0x0000000018ded800 Uncommon trap: reason=class_check action=maybe_recompile pc=0x00000000037c335c method=java.util.regex.Matcher.match(II)Z @ 86
Event: 5.914 Thread 0x0000000018ded800 Uncommon trap: reason=unstable_if action=reinterpret pc=0x00000000039589f4 method=java.lang.String.lastIndexOf([CII[CIII)I @ 66
Event: 6.002 Thread 0x0000000018ded800 Uncommon trap: reason=unstable_if action=reinterpret pc=0x00000000036a0908 method=java.net.URI.match(CJJ)Z @ 19
Event: 6.002 Thread 0x0000000018ded800 Uncommon trap: reason=unstable_if action=reinterpret pc=0x0000000003788480 method=java.net.URI.match(CJJ)Z @ 19
Event: 6.016 Thread 0x0000000018ded800 Uncommon trap: reason=unstable_if action=reinterpret pc=0x00000000039a5d40 method=java.util.WeakHashMap.expungeStaleEntries()V @ 9

Classes redefined (0 events):
No events

Internal exceptions (10 events):
Event: 5.101 Thread 0x0000000018db7000 Exception <a 'java/lang/NoSuchMethodError': <clinit>> (0x00000000f5f45b68) thrown at [D:\src\AOSP-openjdk-cygwin\jdk8u\hotspot\src\share\vm\prims\jni.cpp, line 1613]
Event: 5.105 Thread 0x0000000018db7000 Exception <a 'java/lang/NoSuchMethodError': <clinit>> (0x00000000f5f58c30) thrown at [D:\src\AOSP-openjdk-cygwin\jdk8u\hotspot\src\share\vm\prims\jni.cpp, line 1613]
Event: 5.110 Thread 0x0000000018db7000 Exception <a 'java/lang/NoSuchMethodError': <clinit>> (0x00000000f5f7f998) thrown at [D:\src\AOSP-openjdk-cygwin\jdk8u\hotspot\src\share\vm\prims\jni.cpp, line 1613]
Event: 5.113 Thread 0x0000000018db7000 Exception <a 'java/lang/NoSuchMethodError': <clinit>> (0x00000000f5f97568) thrown at [D:\src\AOSP-openjdk-cygwin\jdk8u\hotspot\src\share\vm\prims\jni.cpp, line 1613]
Event: 5.114 Thread 0x0000000018db7000 Exception <a 'java/lang/NoSuchMethodError': <clinit>> (0x00000000f5fa0030) thrown at [D:\src\AOSP-openjdk-cygwin\jdk8u\hotspot\src\share\vm\prims\jni.cpp, line 1613]
Event: 5.116 Thread 0x0000000018db7000 Exception <a 'java/lang/NoSuchMethodError': <clinit>> (0x00000000f5fb61b8) thrown at [D:\src\AOSP-openjdk-cygwin\jdk8u\hotspot\src\share\vm\prims\jni.cpp, line 1613]
Event: 5.130 Thread 0x0000000018db7000 Exception <a 'java/lang/NoSuchMethodError': <clinit>> (0x00000000f60138a0) thrown at [D:\src\AOSP-openjdk-cygwin\jdk8u\hotspot\src\share\vm\prims\jni.cpp, line 1613]
Event: 5.136 Thread 0x0000000018db7000 Exception <a 'java/lang/NoSuchMethodError': <clinit>> (0x00000000f603fcb0) thrown at [D:\src\AOSP-openjdk-cygwin\jdk8u\hotspot\src\share\vm\prims\jni.cpp, line 1613]
Event: 5.145 Thread 0x0000000018db7000 Exception <a 'java/lang/NoSuchMethodError': <clinit>> (0x00000000f606d5b0) thrown at [D:\src\AOSP-openjdk-cygwin\jdk8u\hotspot\src\share\vm\prims\jni.cpp, line 1613]
Event: 5.146 Thread 0x0000000018db7000 Exception <a 'java/lang/NoSuchMethodError': <clinit>> (0x00000000f6078950) thrown at [D:\src\AOSP-openjdk-cygwin\jdk8u\hotspot\src\share\vm\prims\jni.cpp, line 1613]

Events (10 events):
Event: 6.041 loading class org/gradle/composite/internal/IncludedBuildController
Event: 6.041 loading class org/gradle/composite/internal/IncludedBuildController done
Event: 6.042 loading class org/gradle/composite/internal/DefaultIncludedBuildTaskGraph
Event: 6.042 loading class org/gradle/composite/internal/DefaultIncludedBuildTaskGraph done
Event: 6.043 loading class org/gradle/api/artifacts/component/ComponentSelector
Event: 6.043 loading class org/gradle/api/artifacts/component/ComponentSelector done
Event: 6.044 loading class org/gradle/internal/resolve/ModuleVersionResolveException
Event: 6.044 loading class org/gradle/internal/resolve/ModuleVersionResolveException done
Event: 6.045 loading class com/google/common/collect/LinkedHashMultimap
Event: 6.045 loading class com/google/common/collect/LinkedHashMultimap done


Dynamic libraries:
0x00007ff664400000 - 0x00007ff664431000 	C:\Program Files\Android\Android Studio\jre\bin\java.exe
0x00007ffcb8a70000 - 0x00007ffcb8c51000 	C:\WINDOWS\SYSTEM32\ntdll.dll
0x00007ffcb6d50000 - 0x00007ffcb6e01000 	C:\WINDOWS\System32\KERNEL32.DLL
0x00007ffcb58f0000 - 0x00007ffcb5b63000 	C:\WINDOWS\System32\KERNELBASE.dll
0x00007ffcb6e10000 - 0x00007ffcb6eb1000 	C:\WINDOWS\System32\ADVAPI32.dll
0x00007ffcb6c70000 - 0x00007ffcb6d0e000 	C:\WINDOWS\System32\msvcrt.dll
0x00007ffcb6ae0000 - 0x00007ffcb6b3b000 	C:\WINDOWS\System32\sechost.dll
0x00007ffcb6450000 - 0x00007ffcb6574000 	C:\WINDOWS\System32\RPCRT4.dll
0x00007ffcb66e0000 - 0x00007ffcb6870000 	C:\WINDOWS\System32\USER32.dll
0x00007ffcb5850000 - 0x00007ffcb5870000 	C:\WINDOWS\System32\win32u.dll
0x00007ffcb6d10000 - 0x00007ffcb6d38000 	C:\WINDOWS\System32\GDI32.dll
0x00007ffcb4ea0000 - 0x00007ffcb5032000 	C:\WINDOWS\System32\gdi32full.dll
0x00007ffcb5b70000 - 0x00007ffcb5c0f000 	C:\WINDOWS\System32\msvcp_win.dll
0x00007ffcb5750000 - 0x00007ffcb5848000 	C:\WINDOWS\System32\ucrtbase.dll
0x00007ffca73b0000 - 0x00007ffca7619000 	C:\WINDOWS\WinSxS\amd64_microsoft.windows.common-controls_6595b64144ccf1df_6.0.17134.765_none_fb42a1a930655896\COMCTL32.dll
0x00007ffcb6120000 - 0x00007ffcb6442000 	C:\WINDOWS\System32\combase.dll
0x00007ffcb5870000 - 0x00007ffcb58ea000 	C:\WINDOWS\System32\bcryptPrimitives.dll
0x00007ffcb6580000 - 0x00007ffcb65ad000 	C:\WINDOWS\System32\IMM32.DLL
0x0000000062c10000 - 0x0000000062ce2000 	C:\Program Files\Android\Android Studio\jre\jre\bin\msvcr100.dll
0x0000000061a80000 - 0x00000000622c1000 	C:\Program Files\Android\Android Studio\jre\jre\bin\server\jvm.dll
0x00007ffcb8a30000 - 0x00007ffcb8a38000 	C:\WINDOWS\System32\PSAPI.DLL
0x00007ffcb39a0000 - 0x00007ffcb39aa000 	C:\WINDOWS\SYSTEM32\VERSION.dll
0x00007ffc9f940000 - 0x00007ffc9f949000 	C:\WINDOWS\SYSTEM32\WSOCK32.dll
0x00007ffcb0f50000 - 0x00007ffcb0f73000 	C:\WINDOWS\SYSTEM32\WINMM.dll
0x00007ffcb6b40000 - 0x00007ffcb6bac000 	C:\WINDOWS\System32\WS2_32.dll
0x00007ffcb0f20000 - 0x00007ffcb0f4a000 	C:\WINDOWS\SYSTEM32\winmmbase.dll
0x00007ffcb5eb0000 - 0x00007ffcb5ef9000 	C:\WINDOWS\System32\cfgmgr32.dll
0x00007ffcb0ee0000 - 0x00007ffcb0eef000 	C:\Program Files\Android\Android Studio\jre\jre\bin\verify.dll
0x00007ffcb04c0000 - 0x00007ffcb04e9000 	C:\Program Files\Android\Android Studio\jre\jre\bin\java.dll
0x00007ffcb0d40000 - 0x00007ffcb0d56000 	C:\Program Files\Android\Android Studio\jre\jre\bin\zip.dll
0x00007ffcb7310000 - 0x00007ffcb8750000 	C:\WINDOWS\System32\SHELL32.dll
0x00007ffcb87d0000 - 0x00007ffcb8879000 	C:\WINDOWS\System32\shcore.dll
0x00007ffcb5040000 - 0x00007ffcb574d000 	C:\WINDOWS\System32\windows.storage.dll
0x00007ffcb6c10000 - 0x00007ffcb6c61000 	C:\WINDOWS\System32\shlwapi.dll
0x00007ffcb4e20000 - 0x00007ffcb4e31000 	C:\WINDOWS\System32\kernel.appcore.dll
0x00007ffcb4d80000 - 0x00007ffcb4d9f000 	C:\WINDOWS\System32\profapi.dll
0x00007ffcb4dd0000 - 0x00007ffcb4e1c000 	C:\WINDOWS\System32\powrprof.dll
0x00007ffcb4da0000 - 0x00007ffcb4daa000 	C:\WINDOWS\System32\FLTLIB.DLL
0x00007ffcb0ce0000 - 0x00007ffcb0cfa000 	C:\Program Files\Android\Android Studio\jre\jre\bin\net.dll
0x00007ffcb4600000 - 0x00007ffcb4666000 	C:\WINDOWS\system32\mswsock.dll
0x00007ffcb04a0000 - 0x00007ffcb04b1000 	C:\Program Files\Android\Android Studio\jre\jre\bin\nio.dll
0x00007ffcaf620000 - 0x00007ffcaf63e000 	C:\Users\wnstj\.gradle\native\25\windows-amd64\native-platform.dll
0x00007ffcb0d80000 - 0x00007ffcb0d8d000 	C:\Program Files\Android\Android Studio\jre\jre\bin\management.dll
0x00007ffcb47b0000 - 0x00007ffcb47c7000 	C:\WINDOWS\SYSTEM32\CRYPTSP.dll
0x00007ffcb41e0000 - 0x00007ffcb4213000 	C:\WINDOWS\system32\rsaenh.dll
0x00007ffcb48e0000 - 0x00007ffcb4905000 	C:\WINDOWS\SYSTEM32\bcrypt.dll
0x00007ffcb4c80000 - 0x00007ffcb4ca8000 	C:\WINDOWS\SYSTEM32\USERENV.dll
0x00007ffcb47d0000 - 0x00007ffcb47db000 	C:\WINDOWS\SYSTEM32\CRYPTBASE.dll
0x00007ffcb4380000 - 0x00007ffcb43b8000 	C:\WINDOWS\SYSTEM32\IPHLPAPI.DLL
0x00007ffcb6d40000 - 0x00007ffcb6d48000 	C:\WINDOWS\System32\NSI.dll
0x00007ffca7380000 - 0x00007ffca7396000 	C:\WINDOWS\SYSTEM32\dhcpcsvc6.DLL
0x00007ffca7360000 - 0x00007ffca737a000 	C:\WINDOWS\SYSTEM32\dhcpcsvc.DLL

VM Arguments:
jvm_args: -XX:MaxMetaspaceSize=256m -XX:+HeapDumpOnOutOfMemoryError -Xmx512m -Dfile.encoding=x-windows-949 -Duser.country=KR -Duser.language=ko -Duser.variant 
java_command: org.gradle.launcher.daemon.bootstrap.GradleDaemon 5.1.1
java_class_path (initial): C:\Users\wnstj\.gradle\wrapper\dists\gradle-5.1.1-all\97z1ksx6lirer3kbvdnh7jtjg\gradle-5.1.1\lib\gradle-launcher-5.1.1.jar
Launcher Type: SUN_STANDARD

Environment Variables:
CLASSPATH=C:\Program Files\Java\jdk1.8.0_121\jre\lib;
PATH=C:\oraclexe\app\oracle\product\11.2.0\server\bin;C:\Program Files (x86)\NAT Service;C:\Program Files (x86)\Common Files\Oracle\Java\javapath;C:\ProgramData\Oracle\Java\javapath;C:\Windows\system32;C:\Windows;C:\Windows\System32\Wbem;C:\Windows\System32\WindowsPowerShell\v1.0\;C:\Program Files (x86)\NVIDIA Corporation\PhysX\Common;C:\WINDOWS\system32;C:\WINDOWS;C:\WINDOWS\System32\Wbem;C:\WINDOWS\System32\WindowsPowerShell\v1.0\;C:\Program Files\Microsoft\Web Platform Installer\;C:\Program Files\Java\jdk1.8.0_121\bin;C:\WINDOWS\system32\config\systemprofile\.dnx\bin;C:\Program Files\Microsoft DNX\Dnvm\;C:\Program Files\Microsoft SQL Server\130\Tools\Binn\;C:\Program Files\Intel\WiFi\bin\;C:\Program Files\Common Files\Intel\WirelessCommon\;C:\WINDOWS\System32\OpenSSH\;C:\Program Files\MySQL\MySQL Utilities 1.6\;C:\Program Files\Git\cmd;C:\Users\wnstj\AppData\Local\Programs\Python\Python36\Scripts\;C:\Users\wnstj\AppData\Local\Programs\Python\Python36\;C:\Users\wnstj\AppData\Local\Programs\Python\Python36-32\Scripts\;C:\Users\wnstj\AppData\Local\Programs\Python\Python36-32\;C:\Program Files\Intel\WiFi\bin\;C:\Program Files\Common Files\Intel\WirelessCommon\;C:\Users\wnstj\AppData\Local\Microsoft\WindowsApps;C:\Users\wnstj\AppData\Local\GitHubDesktop\bin
USERNAME=wnstj
OS=Windows_NT
PROCESSOR_IDENTIFIER=Intel64 Family 6 Model 94 Stepping 3, GenuineIntel



---------------  S Y S T E M  ---------------

OS: Windows 10.0 , 64 bit Build 17134 (10.0.17134.753)

CPU:total 8 (initial active 8) (4 cores per cpu, 2 threads per core) family 6 model 94 stepping 3, cmov, cx8, fxsr, mmx, sse, sse2, sse3, ssse3, sse4.1, sse4.2, popcnt, avx, avx2, aes, clmul, erms, rtm, 3dnowpref, lzcnt, ht, tsc, tscinvbit, bmi1, bmi2, adx

Memory: 4k page, physical 8266160k(1616084k free), swap 33431984k(6016k free)

vm_info: OpenJDK 64-Bit Server VM (25.152-b01) for windows-amd64 JRE (1.8.0_152-release-1343-b01), built by "builder" with MS VC++ 10.0 (VS2010)

time: Wed May 29 09:04:12 2019
elapsed time: 6 seconds (0d 0h 0m 6s)

