#
# There is insufficient memory for the Java Runtime Environment to continue.
# Native memory allocation (malloc) failed to allocate 65552 bytes for Chunk::new
# Possible reasons:
#   The system is out of physical RAM or swap space
#   In 32 bit mode, the process size limit was hit
# Possible solutions:
#   Reduce memory load on the system
#   Increase physical memory or swap space
#   Check if swap backing store is full
#   Use 64 bit Java on a 64 bit OS
#   Decrease Java heap size (-Xmx/-Xms)
#   Decrease number of Java threads
#   Decrease Java thread stack sizes (-Xss)
#   Set larger code cache with -XX:ReservedCodeCacheSize=
# This output file may be truncated or incomplete.
#
#  Out of Memory Error (allocation.cpp:390), pid=8392, tid=0x0000000000007968
#
# JRE version: OpenJDK Runtime Environment (8.0_152-b01) (build 1.8.0_152-release-1343-b01)
# Java VM: OpenJDK 64-Bit Server VM (25.152-b01 mixed mode windows-amd64 compressed oops)
# Failed to write core dump. Minidumps are not enabled by default on client versions of Windows
#

---------------  T H R E A D  ---------------

Current thread (0x00000000165cf800):  JavaThread "C2 CompilerThread2" daemon [_thread_in_native, id=31080, stack(0x0000000016e30000,0x0000000016f30000)]

Stack: [0x0000000016e30000,0x0000000016f30000]
[error occurred during error reporting (printing stack bounds), id 0xc0000005]

Native frames: (J=compiled Java code, j=interpreted, Vv=VM code, C=native code)


Current CompileTask:
C2:  15306 3563   !   4       java.util.jar.Attributes::read (380 bytes)


---------------  P R O C E S S  ---------------

Java Threads: ( => current thread )
  0x00000000188a5800 JavaThread "Cache worker for Build Output Cleanup Cache (C:\Users\wnstj\Downloads\capstone66-master (1)\capstone66-master\.gradle\buildOutputCleanup)" [_thread_blocked, id=14732, stack(0x0000000020f70000,0x0000000021070000)]
  0x00000000188a8800 JavaThread "Build operations Thread 8" [_thread_blocked, id=24148, stack(0x0000000020a70000,0x0000000020b70000)]
  0x00000000188a7800 JavaThread "Build operations Thread 7" [_thread_blocked, id=23992, stack(0x0000000020970000,0x0000000020a70000)]
  0x00000000188a4800 JavaThread "Build operations Thread 6" [_thread_blocked, id=31204, stack(0x0000000020870000,0x0000000020970000)]
  0x00000000188a9000 JavaThread "Build operations Thread 5" [_thread_blocked, id=17816, stack(0x0000000020770000,0x0000000020870000)]
  0x00000000188ab800 JavaThread "Build operations Thread 4" [_thread_blocked, id=29996, stack(0x0000000020670000,0x0000000020770000)]
  0x00000000188aa800 JavaThread "Build operations Thread 3" [_thread_blocked, id=26120, stack(0x0000000020340000,0x0000000020440000)]
  0x00000000188a4000 JavaThread "Build operations Thread 2" [_thread_blocked, id=29652, stack(0x0000000020240000,0x0000000020340000)]
  0x00000000188a3000 JavaThread "Build operations" [_thread_blocked, id=7396, stack(0x000000001fe90000,0x000000001ff90000)]
  0x00000000188aa000 JavaThread "Cache worker for execution history cache (C:\Users\wnstj\.gradle\caches\5.1.1\executionHistory)" [_thread_blocked, id=16772, stack(0x000000001fd90000,0x000000001fe90000)]
  0x0000000017998000 JavaThread "Cache worker for cache directory md-rule (C:\Users\wnstj\.gradle\caches\5.1.1\md-rule)" [_thread_blocked, id=16064, stack(0x000000001fa90000,0x000000001fb90000)]
  0x0000000017997000 JavaThread "Cache worker for cache directory md-supplier (C:\Users\wnstj\.gradle\caches\5.1.1\md-supplier)" [_thread_blocked, id=29400, stack(0x000000001f990000,0x000000001fa90000)]
  0x0000000017995800 JavaThread "Cache worker for file hash cache (C:\Users\wnstj\Downloads\capstone66-master (1)\capstone66-master\.gradle\5.1.1\fileHashes)" [_thread_blocked, id=14960, stack(0x000000001bd80000,0x000000001be80000)]
  0x000000001799b000 JavaThread "Cache worker for journal cache (C:\Users\wnstj\.gradle\caches\journal-1)" [_thread_blocked, id=380, stack(0x0000000019ae0000,0x0000000019be0000)]
  0x0000000017999800 JavaThread "File lock request listener" [_thread_in_native, id=17944, stack(0x00000000199e0000,0x0000000019ae0000)]
  0x0000000016781000 JavaThread "Cache worker for file hash cache (C:\Users\wnstj\.gradle\caches\5.1.1\fileHashes)" [_thread_blocked, id=24828, stack(0x00000000198e0000,0x00000000199e0000)]
  0x0000000017afb800 JavaThread "Thread-8" [_thread_blocked, id=31236, stack(0x00000000197e0000,0x00000000198e0000)]
  0x0000000017810000 JavaThread "Stdin handler" [_thread_blocked, id=32712, stack(0x00000000196e0000,0x00000000197e0000)]
  0x000000001780f800 JavaThread "Asynchronous log dispatcher for DefaultDaemonConnection: socket connection from /127.0.0.1:56631 to /127.0.0.1:56632" [_thread_blocked, id=29016, stack(0x00000000194e0000,0x00000000195e0000)]
  0x0000000017861000 JavaThread "Daemon worker" [_thread_in_native, id=19760, stack(0x00000000193e0000,0x00000000194e0000)]
  0x000000001781b800 JavaThread "Cancel handler" [_thread_blocked, id=9888, stack(0x00000000192e0000,0x00000000193e0000)]
  0x000000001772c000 JavaThread "Handler for socket connection from /127.0.0.1:56631 to /127.0.0.1:56632" [_thread_in_native, id=22112, stack(0x0000000018fe0000,0x00000000190e0000)]
  0x000000001772f000 JavaThread "Daemon" [_thread_blocked, id=7844, stack(0x0000000018ee0000,0x0000000018fe0000)]
  0x0000000017941800 JavaThread "Daemon periodic checks" [_thread_blocked, id=16108, stack(0x0000000018de0000,0x0000000018ee0000)]
  0x0000000016750000 JavaThread "Incoming local TCP Connector on port 56631" [_thread_in_native, id=20456, stack(0x0000000018c00000,0x0000000018d00000)]
  0x0000000016654800 JavaThread "Service Thread" daemon [_thread_blocked, id=28552, stack(0x0000000017030000,0x0000000017130000)]
  0x00000000165d3800 JavaThread "C1 CompilerThread3" daemon [_thread_blocked, id=17148, stack(0x0000000016f30000,0x0000000017030000)]
=>0x00000000165cf800 JavaThread "C2 CompilerThread2" daemon [_thread_in_native, id=31080, stack(0x0000000016e30000,0x0000000016f30000)]
  0x00000000165c4000 JavaThread "C2 CompilerThread1" daemon [_thread_blocked, id=11788, stack(0x0000000016d30000,0x0000000016e30000)]
  0x000000001467a000 JavaThread "C2 CompilerThread0" daemon [_thread_in_native, id=25532, stack(0x0000000016c30000,0x0000000016d30000)]
  0x0000000014679000 JavaThread "Attach Listener" daemon [_thread_blocked, id=18756, stack(0x0000000016b30000,0x0000000016c30000)]
  0x0000000016573800 JavaThread "Signal Dispatcher" daemon [_thread_blocked, id=30508, stack(0x0000000016a30000,0x0000000016b30000)]
  0x0000000002dce000 JavaThread "Finalizer" daemon [_thread_blocked, id=17096, stack(0x0000000016930000,0x0000000016a30000)]
  0x0000000002dc5000 JavaThread "Reference Handler" daemon [_thread_blocked, id=7692, stack(0x0000000016430000,0x0000000016530000)]
  0x0000000002cd2800 JavaThread "main" [_thread_blocked, id=27952, stack(0x00000000027e0000,0x00000000028e0000)]

Other Threads:
  0x0000000014666000 VMThread [stack: 0x0000000016330000,0x0000000016430000] [id=31336]
  0x0000000016655000 WatcherThread [stack: 0x0000000017130000,0x0000000017230000] [id=1888]

VM state:not at safepoint (normal execution)

VM Mutex/Monitor currently owned by a thread: None

Heap:
 PSYoungGen      total 125440K, used 21373K [0x00000000f5580000, 0x00000000fdb80000, 0x0000000100000000)
  eden space 114688K, 18% used [0x00000000f5580000,0x00000000f6a5f788,0x00000000fc580000)
  from space 10752K, 0% used [0x00000000fd080000,0x00000000fd080000,0x00000000fdb00000)
  to   space 11264K, 0% used [0x00000000fc580000,0x00000000fc580000,0x00000000fd080000)
 ParOldGen       total 83968K, used 19978K [0x00000000e0000000, 0x00000000e5200000, 0x00000000f5580000)
  object space 83968K, 23% used [0x00000000e0000000,0x00000000e1382938,0x00000000e5200000)
 Metaspace       used 41148K, capacity 42156K, committed 42496K, reserved 1087488K
  class space    used 5590K, capacity 5838K, committed 5888K, reserved 1048576K

Card table byte_map: [0x0000000012270000,0x0000000012380000] byte_map_base: 0x0000000011b70000

Marking Bits: (ParMarkBitMap*) 0x0000000062245aa0
 Begin Bits: [0x0000000012b80000, 0x0000000013380000)
 End Bits:   [0x0000000013380000, 0x0000000013b80000)

Polling page: 0x0000000000910000

CodeCache: size=245760Kb used=11786Kb max_used=11799Kb free=233973Kb
 bounds [0x0000000002eb0000, 0x0000000003a40000, 0x0000000011eb0000]
 total_blobs=4100 nmethods=3368 adapters=645
 compilation: enabled

Compilation events (10 events):
Event: 15.294 Thread 0x00000000165d3800 3585       3       java.math.BigInteger::implMontgomerySquare (19 bytes)
Event: 15.294 Thread 0x00000000165d3800 nmethod 3585 0x0000000003a37990 code [0x0000000003a37b20, 0x0000000003a37ea8]
Event: 15.294 Thread 0x00000000165d3800 3587       3       java.math.BigInteger::multiplyToLen (216 bytes)
Event: 15.295 Thread 0x00000000165d3800 nmethod 3587 0x0000000003a38090 code [0x0000000003a38240, 0x0000000003a38830]
Event: 15.295 Thread 0x00000000165d3800 3588       3       sun.security.util.DerValue::isPrintableStringChar (184 bytes)
Event: 15.295 Thread 0x00000000165d3800 nmethod 3588 0x0000000003a38f10 code [0x0000000003a39080, 0x0000000003a39370]
Event: 15.298 Thread 0x00000000165d3800 3589       3       sun.security.util.DerInputStream::<init> (19 bytes)
Event: 15.298 Thread 0x00000000165d3800 nmethod 3589 0x0000000003a393d0 code [0x0000000003a39540, 0x0000000003a397f0]
Event: 15.300 Thread 0x00000000165d3800 3590       3       java.security.Provider$ServiceKey::hashCode (16 bytes)
Event: 15.301 Thread 0x00000000165d3800 nmethod 3590 0x0000000003a39910 code [0x0000000003a39a80, 0x0000000003a39d58]

GC Heap History (10 events):
Event: 11.037 GC heap before
{Heap before GC invocations=9 (full 1):
 PSYoungGen      total 77312K, used 74649K [0x00000000f5580000, 0x00000000fdb00000, 0x0000000100000000)
  eden space 66560K, 100% used [0x00000000f5580000,0x00000000f9680000,0x00000000f9680000)
  from space 10752K, 75% used [0x00000000f9680000,0x00000000f9e665a0,0x00000000fa100000)
  to   space 10752K, 0% used [0x00000000fd080000,0x00000000fd080000,0x00000000fdb00000)
 ParOldGen       total 54784K, used 7887K [0x00000000e0000000, 0x00000000e3580000, 0x00000000f5580000)
  object space 54784K, 14% used [0x00000000e0000000,0x00000000e07b3e80,0x00000000e3580000)
 Metaspace       used 32015K, capacity 32608K, committed 32768K, reserved 1077248K
  class space    used 4400K, capacity 4558K, committed 4608K, reserved 1048576K
Event: 11.052 GC heap after
Heap after GC invocations=9 (full 1):
 PSYoungGen      total 125440K, used 9114K [0x00000000f5580000, 0x00000000fdb80000, 0x0000000100000000)
  eden space 114688K, 0% used [0x00000000f5580000,0x00000000f5580000,0x00000000fc580000)
  from space 10752K, 84% used [0x00000000fd080000,0x00000000fd966af8,0x00000000fdb00000)
  to   space 11264K, 0% used [0x00000000fc580000,0x00000000fc580000,0x00000000fd080000)
 ParOldGen       total 54784K, used 7895K [0x00000000e0000000, 0x00000000e3580000, 0x00000000f5580000)
  object space 54784K, 14% used [0x00000000e0000000,0x00000000e07b5e80,0x00000000e3580000)
 Metaspace       used 32015K, capacity 32608K, committed 32768K, reserved 1077248K
  class space    used 4400K, capacity 4558K, committed 4608K, reserved 1048576K
}
Event: 13.279 GC heap before
{Heap before GC invocations=10 (full 1):
 PSYoungGen      total 125440K, used 60074K [0x00000000f5580000, 0x00000000fdb80000, 0x0000000100000000)
  eden space 114688K, 44% used [0x00000000f5580000,0x00000000f8743d50,0x00000000fc580000)
  from space 10752K, 84% used [0x00000000fd080000,0x00000000fd966af8,0x00000000fdb00000)
  to   space 11264K, 0% used [0x00000000fc580000,0x00000000fc580000,0x00000000fd080000)
 ParOldGen       total 54784K, used 7895K [0x00000000e0000000, 0x00000000e3580000, 0x00000000f5580000)
  object space 54784K, 14% used [0x00000000e0000000,0x00000000e07b5e80,0x00000000e3580000)
 Metaspace       used 34600K, capacity 35404K, committed 35456K, reserved 1079296K
  class space    used 4761K, capacity 4969K, committed 4992K, reserved 1048576K
Event: 13.293 GC heap after
Heap after GC invocations=10 (full 1):
 PSYoungGen      total 125952K, used 11247K [0x00000000f5580000, 0x00000000fdb80000, 0x0000000100000000)
  eden space 114688K, 0% used [0x00000000f5580000,0x00000000f5580000,0x00000000fc580000)
  from space 11264K, 99% used [0x00000000fc580000,0x00000000fd07be28,0x00000000fd080000)
  to   space 10752K, 0% used [0x00000000fd080000,0x00000000fd080000,0x00000000fdb00000)
 ParOldGen       total 54784K, used 8281K [0x00000000e0000000, 0x00000000e3580000, 0x00000000f5580000)
  object space 54784K, 15% used [0x00000000e0000000,0x00000000e0816448,0x00000000e3580000)
 Metaspace       used 34600K, capacity 35404K, committed 35456K, reserved 1079296K
  class space    used 4761K, capacity 4969K, committed 4992K, reserved 1048576K
}
Event: 13.293 GC heap before
{Heap before GC invocations=11 (full 2):
 PSYoungGen      total 125952K, used 11247K [0x00000000f5580000, 0x00000000fdb80000, 0x0000000100000000)
  eden space 114688K, 0% used [0x00000000f5580000,0x00000000f5580000,0x00000000fc580000)
  from space 11264K, 99% used [0x00000000fc580000,0x00000000fd07be28,0x00000000fd080000)
  to   space 10752K, 0% used [0x00000000fd080000,0x00000000fd080000,0x00000000fdb00000)
 ParOldGen       total 54784K, used 8281K [0x00000000e0000000, 0x00000000e3580000, 0x00000000f5580000)
  object space 54784K, 15% used [0x00000000e0000000,0x00000000e0816448,0x00000000e3580000)
 Metaspace       used 34600K, capacity 35404K, committed 35456K, reserved 1079296K
  class space    used 4761K, capacity 4969K, committed 4992K, reserved 1048576K
Event: 13.376 GC heap after
Heap after GC invocations=11 (full 2):
 PSYoungGen      total 125952K, used 0K [0x00000000f5580000, 0x00000000fdb80000, 0x0000000100000000)
  eden space 114688K, 0% used [0x00000000f5580000,0x00000000f5580000,0x00000000fc580000)
  from space 11264K, 0% used [0x00000000fc580000,0x00000000fc580000,0x00000000fd080000)
  to   space 10752K, 0% used [0x00000000fd080000,0x00000000fd080000,0x00000000fdb00000)
 ParOldGen       total 83968K, used 18684K [0x00000000e0000000, 0x00000000e5200000, 0x00000000f5580000)
  object space 83968K, 22% used [0x00000000e0000000,0x00000000e123f3a8,0x00000000e5200000)
 Metaspace       used 34576K, capacity 35320K, committed 35456K, reserved 1079296K
  class space    used 4754K, capacity 4955K, committed 4992K, reserved 1048576K
}
Event: 14.177 GC heap before
{Heap before GC invocations=12 (full 2):
 PSYoungGen      total 125952K, used 27221K [0x00000000f5580000, 0x00000000fdb80000, 0x0000000100000000)
  eden space 114688K, 23% used [0x00000000f5580000,0x00000000f7015740,0x00000000fc580000)
  from space 11264K, 0% used [0x00000000fc580000,0x00000000fc580000,0x00000000fd080000)
  to   space 10752K, 0% used [0x00000000fd080000,0x00000000fd080000,0x00000000fdb00000)
 ParOldGen       total 83968K, used 18684K [0x00000000e0000000, 0x00000000e5200000, 0x00000000f5580000)
  object space 83968K, 22% used [0x00000000e0000000,0x00000000e123f3a8,0x00000000e5200000)
 Metaspace       used 38899K, capacity 39706K, committed 39936K, reserved 1087488K
  class space    used 5284K, capacity 5519K, committed 5632K, reserved 1048576K
Event: 14.181 GC heap after
Heap after GC invocations=12 (full 2):
 PSYoungGen      total 125440K, used 3815K [0x00000000f5580000, 0x00000000fdb80000, 0x0000000100000000)
  eden space 114688K, 0% used [0x00000000f5580000,0x00000000f5580000,0x00000000fc580000)
  from space 10752K, 35% used [0x00000000fd080000,0x00000000fd439d60,0x00000000fdb00000)
  to   space 11264K, 0% used [0x00000000fc580000,0x00000000fc580000,0x00000000fd080000)
 ParOldGen       total 83968K, used 18692K [0x00000000e0000000, 0x00000000e5200000, 0x00000000f5580000)
  object space 83968K, 22% used [0x00000000e0000000,0x00000000e12413a8,0x00000000e5200000)
 Metaspace       used 38899K, capacity 39706K, committed 39936K, reserved 1087488K
  class space    used 5284K, capacity 5519K, committed 5632K, reserved 1048576K
}
Event: 14.181 GC heap before
{Heap before GC invocations=13 (full 3):
 PSYoungGen      total 125440K, used 3815K [0x00000000f5580000, 0x00000000fdb80000, 0x0000000100000000)
  eden space 114688K, 0% used [0x00000000f5580000,0x00000000f5580000,0x00000000fc580000)
  from space 10752K, 35% used [0x00000000fd080000,0x00000000fd439d60,0x00000000fdb00000)
  to   space 11264K, 0% used [0x00000000fc580000,0x00000000fc580000,0x00000000fd080000)
 ParOldGen       total 83968K, used 18692K [0x00000000e0000000, 0x00000000e5200000, 0x00000000f5580000)
  object space 83968K, 22% used [0x00000000e0000000,0x00000000e12413a8,0x00000000e5200000)
 Metaspace       used 38899K, capacity 39706K, committed 39936K, reserved 1087488K
  class space    used 5284K, capacity 5519K, committed 5632K, reserved 1048576K
Event: 14.559 GC heap after
Heap after GC invocations=13 (full 3):
 PSYoungGen      total 125440K, used 0K [0x00000000f5580000, 0x00000000fdb80000, 0x0000000100000000)
  eden space 114688K, 0% used [0x00000000f5580000,0x00000000f5580000,0x00000000fc580000)
  from space 10752K, 0% used [0x00000000fd080000,0x00000000fd080000,0x00000000fdb00000)
  to   space 11264K, 0% used [0x00000000fc580000,0x00000000fc580000,0x00000000fd080000)
 ParOldGen       total 83968K, used 19978K [0x00000000e0000000, 0x00000000e5200000, 0x00000000f5580000)
  object space 83968K, 23% used [0x00000000e0000000,0x00000000e1382938,0x00000000e5200000)
 Metaspace       used 38899K, capacity 39706K, committed 39936K, reserved 1085440K
  class space    used 5284K, capacity 5519K, committed 5632K, reserved 1048576K
}

Deoptimization events (10 events):
Event: 11.823 Thread 0x00000000188a9000 Uncommon trap: reason=unstable_if action=reinterpret pc=0x00000000033b0d7c method=java.util.concurrent.ConcurrentHashMap.addCount(JI)V @ 34
Event: 11.828 Thread 0x00000000188a4000 Uncommon trap: reason=unstable_if action=reinterpret pc=0x000000000334b0b8 method=java.util.concurrent.ConcurrentHashMap.addCount(JI)V @ 7
Event: 12.317 Thread 0x0000000017861000 Uncommon trap: reason=range_check action=make_not_entrant pc=0x0000000003754848 method=java.lang.String.charAt(I)C @ 27
Event: 13.548 Thread 0x0000000017861000 Uncommon trap: reason=predicate action=maybe_recompile pc=0x00000000037468d0 method=java.util.Arrays.binarySearch0([Ljava/lang/Object;IILjava/lang/Object;Ljava/util/Comparator;)I @ 28
Event: 13.630 Thread 0x0000000017861000 Uncommon trap: reason=unstable_if action=reinterpret pc=0x000000000391e110 method=java.security.CodeSource.hashCode()I @ 4
Event: 13.630 Thread 0x0000000017861000 Uncommon trap: reason=unstable_if action=reinterpret pc=0x000000000382a28c method=java.security.CodeSource.hashCode()I @ 4
Event: 15.167 Thread 0x0000000017861000 Uncommon trap: reason=unstable_if action=reinterpret pc=0x00000000033e8d00 method=java.util.jar.Attributes$Name.isDigit(C)Z @ 3
Event: 15.178 Thread 0x0000000017861000 Uncommon trap: reason=unstable_if action=reinterpret pc=0x00000000038b0840 method=java.lang.ThreadLocal.get()Ljava/lang/Object; @ 11
Event: 15.216 Thread 0x0000000017861000 Uncommon trap: reason=unstable_if action=reinterpret pc=0x000000000372cdd8 method=java.util.HashMap.putVal(ILjava/lang/Object;Ljava/lang/Object;ZZ)Ljava/lang/Object; @ 236
Event: 15.259 Thread 0x0000000017861000 Uncommon trap: reason=unstable_if action=reinterpret pc=0x000000000339807c method=java.lang.CharacterDataLatin1.isWhitespace(I)Z @ 14

Classes redefined (0 events):
No events

Internal exceptions (10 events):
Event: 13.061 Thread 0x0000000017861000 Exception <a 'java/lang/ClassNotFoundException': org/gradle/api/tasks/DeleteCustomizer> (0x00000000f7f22b40) thrown at [D:\src\AOSP-openjdk-cygwin\jdk8u\hotspot\src\share\vm\classfile\systemDictionary.cpp, line 210]
Event: 13.063 Thread 0x0000000017861000 Exception <a 'java/lang/ClassNotFoundException': org/gradle/api/tasks/Delete_DecoratedCustomizer> (0x00000000f7f6e0b0) thrown at [D:\src\AOSP-openjdk-cygwin\jdk8u\hotspot\src\share\vm\classfile\systemDictionary.cpp, line 210]
Event: 13.106 Thread 0x0000000017861000 Exception <a 'java/lang/ClassNotFoundException': build_4tosy0jo0551445ofb80ab7njBeanInfo> (0x00000000f8067b00) thrown at [D:\src\AOSP-openjdk-cygwin\jdk8u\hotspot\src\share\vm\classfile\systemDictionary.cpp, line 210]
Event: 13.107 Thread 0x0000000017861000 Exception <a 'java/lang/ClassNotFoundException': build_4tosy0jo0551445ofb80ab7njCustomizer> (0x00000000f8072d58) thrown at [D:\src\AOSP-openjdk-cygwin\jdk8u\hotspot\src\share\vm\classfile\systemDictionary.cpp, line 210]
Event: 13.115 Thread 0x0000000017861000 Exception <a 'java/lang/ClassNotFoundException': org/gradle/api/internal/plugins/DefaultObjectConfigurationActionBeanInfo> (0x00000000f80e6480) thrown at [D:\src\AOSP-openjdk-cygwin\jdk8u\hotspot\src\share\vm\classfile\systemDictionary.cpp, line 210]
Event: 13.116 Thread 0x0000000017861000 Exception <a 'java/lang/ClassNotFoundException': org/gradle/api/internal/plugins/DefaultObjectConfigurationActionCustomizer> (0x00000000f8127400) thrown at [D:\src\AOSP-openjdk-cygwin\jdk8u\hotspot\src\share\vm\classfile\systemDictionary.cpp, line 210]
Event: 13.630 Thread 0x0000000017861000 Implicit null exception at 0x000000000391d0a7 to 0x000000000391e0b1
Event: 13.630 Thread 0x0000000017861000 Implicit null exception at 0x0000000003829f95 to 0x000000000382a27d
Event: 14.628 Thread 0x0000000017861000 Exception <a 'sun/nio/fs/WindowsException'> (0x00000000f57c3ce8) thrown at [D:\src\AOSP-openjdk-cygwin\jdk8u\hotspot\src\share\vm\prims\jni.cpp, line 709]
Event: 15.178 Thread 0x0000000017861000 Implicit null exception at 0x00000000038b02e8 to 0x00000000038b0829

Events (10 events):
Event: 15.273 loading class java/math/SignedMutableBigInteger done
Event: 15.295 loading class sun/security/provider/certpath/X509CertPath
Event: 15.296 loading class java/security/cert/CertPath
Event: 15.297 loading class java/security/cert/CertPath done
Event: 15.297 loading class sun/security/provider/certpath/X509CertPath done
Event: 15.298 loading class sun/security/rsa/SunRsaSign
Event: 15.298 loading class sun/security/rsa/SunRsaSign done
Event: 15.299 loading class sun/security/rsa/SunRsaSignEntries
Event: 15.300 loading class sun/security/rsa/SunRsaSignEntries done
Event: 15.300 loading class sun/security/rsa/RSAKeyFactory


Dynamic libraries:
0x00007ff664400000 - 0x00007ff664431000 	C:\Program Files\Android\Android Studio\jre\bin\java.exe
0x00007ffcb8a70000 - 0x00007ffcb8c51000 	C:\WINDOWS\SYSTEM32\ntdll.dll
0x00007ffcb6d50000 - 0x00007ffcb6e01000 	C:\WINDOWS\System32\KERNEL32.DLL
0x00007ffcb58f0000 - 0x00007ffcb5b63000 	C:\WINDOWS\System32\KERNELBASE.dll
0x00007ffcb6e10000 - 0x00007ffcb6eb1000 	C:\WINDOWS\System32\ADVAPI32.dll
0x00007ffcb6c70000 - 0x00007ffcb6d0e000 	C:\WINDOWS\System32\msvcrt.dll
0x00007ffcb6ae0000 - 0x00007ffcb6b3b000 	C:\WINDOWS\System32\sechost.dll
0x00007ffcb6450000 - 0x00007ffcb6574000 	C:\WINDOWS\System32\RPCRT4.dll
0x00007ffcb66e0000 - 0x00007ffcb6870000 	C:\WINDOWS\System32\USER32.dll
0x00007ffcb5850000 - 0x00007ffcb5870000 	C:\WINDOWS\System32\win32u.dll
0x00007ffcb6d10000 - 0x00007ffcb6d38000 	C:\WINDOWS\System32\GDI32.dll
0x00007ffcb4ea0000 - 0x00007ffcb5032000 	C:\WINDOWS\System32\gdi32full.dll
0x00007ffcb5b70000 - 0x00007ffcb5c0f000 	C:\WINDOWS\System32\msvcp_win.dll
0x00007ffcb5750000 - 0x00007ffcb5848000 	C:\WINDOWS\System32\ucrtbase.dll
0x00007ffca73b0000 - 0x00007ffca7619000 	C:\WINDOWS\WinSxS\amd64_microsoft.windows.common-controls_6595b64144ccf1df_6.0.17134.765_none_fb42a1a930655896\COMCTL32.dll
0x00007ffcb6120000 - 0x00007ffcb6442000 	C:\WINDOWS\System32\combase.dll
0x00007ffcb5870000 - 0x00007ffcb58ea000 	C:\WINDOWS\System32\bcryptPrimitives.dll
0x00007ffcb6580000 - 0x00007ffcb65ad000 	C:\WINDOWS\System32\IMM32.DLL
0x0000000062c10000 - 0x0000000062ce2000 	C:\Program Files\Android\Android Studio\jre\jre\bin\msvcr100.dll
0x0000000061a80000 - 0x00000000622c1000 	C:\Program Files\Android\Android Studio\jre\jre\bin\server\jvm.dll
0x00007ffcb8a30000 - 0x00007ffcb8a38000 	C:\WINDOWS\System32\PSAPI.DLL
0x00007ffc9f940000 - 0x00007ffc9f949000 	C:\WINDOWS\SYSTEM32\WSOCK32.dll
0x00007ffcb6b40000 - 0x00007ffcb6bac000 	C:\WINDOWS\System32\WS2_32.dll
0x00007ffcb39a0000 - 0x00007ffcb39aa000 	C:\WINDOWS\SYSTEM32\VERSION.dll
0x00007ffcb0f50000 - 0x00007ffcb0f73000 	C:\WINDOWS\SYSTEM32\WINMM.dll
0x00007ffcb0f20000 - 0x00007ffcb0f4a000 	C:\WINDOWS\SYSTEM32\winmmbase.dll
0x00007ffcb5eb0000 - 0x00007ffcb5ef9000 	C:\WINDOWS\System32\cfgmgr32.dll
0x00007ffcb0ee0000 - 0x00007ffcb0eef000 	C:\Program Files\Android\Android Studio\jre\jre\bin\verify.dll
0x00007ffcb04c0000 - 0x00007ffcb04e9000 	C:\Program Files\Android\Android Studio\jre\jre\bin\java.dll
0x00007ffcb0d40000 - 0x00007ffcb0d56000 	C:\Program Files\Android\Android Studio\jre\jre\bin\zip.dll
0x00007ffcb7310000 - 0x00007ffcb8750000 	C:\WINDOWS\System32\SHELL32.dll
0x00007ffcb87d0000 - 0x00007ffcb8879000 	C:\WINDOWS\System32\shcore.dll
0x00007ffcb5040000 - 0x00007ffcb574d000 	C:\WINDOWS\System32\windows.storage.dll
0x00007ffcb6c10000 - 0x00007ffcb6c61000 	C:\WINDOWS\System32\shlwapi.dll
0x00007ffcb4e20000 - 0x00007ffcb4e31000 	C:\WINDOWS\System32\kernel.appcore.dll
0x00007ffcb4d80000 - 0x00007ffcb4d9f000 	C:\WINDOWS\System32\profapi.dll
0x00007ffcb4dd0000 - 0x00007ffcb4e1c000 	C:\WINDOWS\System32\powrprof.dll
0x00007ffcb4da0000 - 0x00007ffcb4daa000 	C:\WINDOWS\System32\FLTLIB.DLL
0x00007ffcb0ce0000 - 0x00007ffcb0cfa000 	C:\Program Files\Android\Android Studio\jre\jre\bin\net.dll
0x00007ffcb4600000 - 0x00007ffcb4666000 	C:\WINDOWS\system32\mswsock.dll
0x00007ffcb04a0000 - 0x00007ffcb04b1000 	C:\Program Files\Android\Android Studio\jre\jre\bin\nio.dll
0x00007ffcaf620000 - 0x00007ffcaf63e000 	C:\Users\wnstj\.gradle\native\25\windows-amd64\native-platform.dll
0x00007ffcb0d80000 - 0x00007ffcb0d8d000 	C:\Program Files\Android\Android Studio\jre\jre\bin\management.dll
0x00007ffcb47b0000 - 0x00007ffcb47c7000 	C:\WINDOWS\SYSTEM32\CRYPTSP.dll
0x00007ffcb41e0000 - 0x00007ffcb4213000 	C:\WINDOWS\system32\rsaenh.dll
0x00007ffcb48e0000 - 0x00007ffcb4905000 	C:\WINDOWS\SYSTEM32\bcrypt.dll
0x00007ffcb4c80000 - 0x00007ffcb4ca8000 	C:\WINDOWS\SYSTEM32\USERENV.dll
0x00007ffcb47d0000 - 0x00007ffcb47db000 	C:\WINDOWS\SYSTEM32\CRYPTBASE.dll
0x00007ffcb4380000 - 0x00007ffcb43b8000 	C:\WINDOWS\SYSTEM32\IPHLPAPI.DLL
0x00007ffcb6d40000 - 0x00007ffcb6d48000 	C:\WINDOWS\System32\NSI.dll
0x00007ffca7380000 - 0x00007ffca7396000 	C:\WINDOWS\SYSTEM32\dhcpcsvc6.DLL
0x00007ffca7360000 - 0x00007ffca737a000 	C:\WINDOWS\SYSTEM32\dhcpcsvc.DLL

VM Arguments:
jvm_args: -XX:MaxMetaspaceSize=256m -XX:+HeapDumpOnOutOfMemoryError -Xmx512m -Dfile.encoding=x-windows-949 -Duser.country=KR -Duser.language=ko -Duser.variant 
java_command: org.gradle.launcher.daemon.bootstrap.GradleDaemon 5.1.1
java_class_path (initial): C:\Users\wnstj\.gradle\wrapper\dists\gradle-5.1.1-all\97z1ksx6lirer3kbvdnh7jtjg\gradle-5.1.1\lib\gradle-launcher-5.1.1.jar
Launcher Type: SUN_STANDARD

Environment Variables:
CLASSPATH=C:\Program Files\Java\jdk1.8.0_121\jre\lib;
PATH=C:\oraclexe\app\oracle\product\11.2.0\server\bin;C:\Program Files (x86)\NAT Service;C:\Program Files (x86)\Common Files\Oracle\Java\javapath;C:\ProgramData\Oracle\Java\javapath;C:\Windows\system32;C:\Windows;C:\Windows\System32\Wbem;C:\Windows\System32\WindowsPowerShell\v1.0\;C:\Program Files (x86)\NVIDIA Corporation\PhysX\Common;C:\WINDOWS\system32;C:\WINDOWS;C:\WINDOWS\System32\Wbem;C:\WINDOWS\System32\WindowsPowerShell\v1.0\;C:\Program Files\Microsoft\Web Platform Installer\;C:\Program Files\Java\jdk1.8.0_121\bin;C:\WINDOWS\system32\config\systemprofile\.dnx\bin;C:\Program Files\Microsoft DNX\Dnvm\;C:\Program Files\Microsoft SQL Server\130\Tools\Binn\;C:\Program Files\Intel\WiFi\bin\;C:\Program Files\Common Files\Intel\WirelessCommon\;C:\WINDOWS\System32\OpenSSH\;C:\Program Files\MySQL\MySQL Utilities 1.6\;C:\Program Files\Git\cmd;C:\Users\wnstj\AppData\Local\Programs\Python\Python36\Scripts\;C:\Users\wnstj\AppData\Local\Programs\Python\Python36\;C:\Users\wnstj\AppData\Local\Programs\Python\Python36-32\Scripts\;C:\Users\wnstj\AppData\Local\Programs\Python\Python36-32\;C:\Program Files\Intel\WiFi\bin\;C:\Program Files\Common Files\Intel\WirelessCommon\;C:\Users\wnstj\AppData\Local\Microsoft\WindowsApps;C:\Users\wnstj\AppData\Local\GitHubDesktop\bin
USERNAME=wnstj
OS=Windows_NT
PROCESSOR_IDENTIFIER=Intel64 Family 6 Model 94 Stepping 3, GenuineIntel



---------------  S Y S T E M  ---------------

OS: Windows 10.0 , 64 bit Build 17134 (10.0.17134.753)

CPU:total 8 (initial active 8) (4 cores per cpu, 2 threads per core) family 6 model 94 stepping 3, cmov, cx8, fxsr, mmx, sse, sse2, sse3, ssse3, sse4.1, sse4.2, popcnt, avx, avx2, aes, clmul, erms, rtm, 3dnowpref, lzcnt, ht, tsc, tscinvbit, bmi1, bmi2, adx

Memory: 4k page, physical 8266160k(1687888k free), swap 33431984k(916k free)

vm_info: OpenJDK 64-Bit Server VM (25.152-b01) for windows-amd64 JRE (1.8.0_152-release-1343-b01), built by "builder" with MS VC++ 10.0 (VS2010)

time: Wed May 29 09:02:11 2019
elapsed time: 15 seconds (0d 0h 0m 15s)

